R2 =  3333.3
R3 =  100000
R4 =  1000
C1 =  0.00000010880
C2 =  0.00000021073
                                                                               
                                 Frequency Response                            
                                                                               
      50 |-----------------------------------------------------------------|   
         |        + ***************  +         +        +         +        |   
         |       ****              ****                                    |   
       0 |-+  ***                      ***                               +-|   
         | ***                            **                               |   
         |*                                 ***                            |   
         |                                     ***                         |   
     -50 |-+                                      ****                   +-|   
         |                                            ***                  |   
         |                                               ***               |   
    -100 |-+                                                ***          +-|   
         |                                                     **          |   
         |                                                       ***       |   
         |                                                          ***    |   
    -150 |-+                                                           ****|   
         |                                                                 |   
         |        +         +        +         +        +         +        |   
    -200 |-----------------------------------------------------------------|8  
        10       10        10       10        10       10        10       10   
                                       f (Hz)                                  
                                                                               
                                                                               
                                 Frequency Response                            
                                                                               
      50 |-----------------------------------------------------------------|   
         |        + ***************  +         +        +         +        |   
         |       ****              ****                                    |   
       0 |-+  ***                      ***                               +-|   
         | ***                            **                               |   
         |*                                 ***                            |   
         |                                     ***                         |   
     -50 |-+                                      ****                   +-|   
         |                                            ***                  |   
         |                                               ***               |   
    -100 |-+                                                ***          +-|   
         |                                                     **          |   
         |                                                       ***       |   
         |                                                          ***    |   
    -150 |-+                                                           ****|   
         |                                                                 |   
         |        +         +        +         +        +         +        |   
    -200 |-----------------------------------------------------------------|8  
        10       10        10       10        10       10        10       10   
                                       f (Hz)                                  
                                                                               
                                                                               
                              Phase frequency response                         
                                                                               
     100 |-----------------------------------------------------------------|   
         |****    +         +        +         +        +         +        |   
         |    ****                                                         |   
         |        **                                                       |   
      50 |-+        *                                                    +-|   
         |           **                                                    |   
         |             *                                                   |   
         |              **                                                 |   
       0 |-+              *                                              +-|   
         |                 **                                              |   
         |                   **                                            |   
         |                     *                                           |   
         |                      **                                         |   
     -50 |-+                      *                                      +-|   
         |                         ***                                     |   
         |                            ****                                 |   
         |        +         +        +    *********************************|   
    -100 |-----------------------------------------------------------------|8  
        10       10        10       10        10       10        10       10   
                                       f [Hz]                                  
                                                                               
fr =  814.17
gain =  39.648
ZI =   500.00 - 1796.66i
ZO =  239.60 - 860.97i
