Symbolic pkg v2.8.0: Python communication link active, SymPy v1.5.1.


KCL:
ans = (sym) G₁⋅V₅ + G₂⋅V₃ - G₃⋅Vb - V₄⋅(G₁ + G₂) = 0
ans = (sym) -G₂⋅V₃ + G₂⋅V₄ + Ib = 0
ans = (sym) G₅⋅V₀ + G₅⋅V₂ + Id = Ib
ans = (sym) G₆⋅V₆ - G₇⋅V₁ - V₇⋅(G₆ - G₇) = 0


Por observação do circuito:
ans = (sym) V₅ - V₆ = Va
ans = (sym) Vc = -V₀ + V₁
ans = (sym) Vc = Ic⋅Kc
ans = (sym) Vb = -V₀ + V₄
V0 = 0
ans = (sym) Ic = G₆⋅V₆ - G₆⋅V₇


Extras
:ans = (sym) Ib = Kb⋅Vb
ans = (sym) -G₁⋅V₄ + G₁⋅V₅ - G₄⋅V₆ + Ic = 0
x =

   0.00000
  -7.88183
   3.80555
  -0.49703
  -0.03069
   0.18717
  -4.89495
  -6.89729
  -0.03069
   7.88183
  -0.00022
   0.00097

V0 = 0
V1 = -7.8818
V2 =  3.8056
V3 = -0.49703
V4 = -0.030688
V5 =  0.18717
V6 = -4.8949
V7 = -6.8973
Vb = -0.030688
Vc =  7.8818
Ib = -0.00022413
Ic =  0.00096915
